<?xml version="1.0" encoding="UTF-8"?>
<testng-results skipped="0" failed="0" total="1" passed="1">
  <reporter-output>
    <line>
      <![CDATA[byeeeee]]>
    </line>
  </reporter-output>
  <suite name="Suite" duration-ms="15" started-at="2017-12-02T06:00:40Z" finished-at="2017-12-02T06:00:40Z">
    <groups>
    </groups>
    <test name="Test" duration-ms="15" started-at="2017-12-02T06:00:40Z" finished-at="2017-12-02T06:00:40Z">
      <class name="demo.program1">
        <test-method status="PASS" signature="m1()[pri:0, instance:demo.program1@be92ad]" name="m1" duration-ms="15" started-at="2017-12-01T22:00:40Z" finished-at="2017-12-01T22:00:40Z">
          <reporter-output>
            <line>
              <![CDATA[byeeeee]]>
            </line>
          </reporter-output>
        </test-method> <!-- m1 -->
      </class> <!-- demo.program1 -->
    </test> <!-- Test -->
  </suite> <!-- Suite -->
</testng-results>
